<?xml version="1.0" encoding="UTF-8"?>
<coverage generated="1589549997464" clover="3.2.0">
  <project timestamp="1589549997464" name="All files">
    <metrics statements="9" coveredstatements="9" conditionals="4" coveredconditionals="3" methods="3" coveredmethods="3" elements="16" coveredelements="15" complexity="0" loc="9" ncloc="9" packages="1" files="1" classes="1"/>
    <file name="Search.jsx" path="E:\Coding-Dream\jest-test\src\components\Search.jsx">
      <metrics statements="9" coveredstatements="9" conditionals="4" coveredconditionals="3" methods="3" coveredmethods="3"/>
      <line num="4" count="6" type="stmt"/>
      <line num="8" count="6" type="stmt"/>
      <line num="9" count="1" type="stmt"/>
      <line num="14" count="6" type="stmt"/>
      <line num="15" count="1" type="stmt"/>
      <line num="16" count="1" type="cond" truecount="3" falsecount="1"/>
      <line num="17" count="1" type="stmt"/>
      <line num="18" count="1" type="stmt"/>
      <line num="23" count="11" type="stmt"/>
    </file>
  </project>
</coverage>
